WARNING 2022-02-26 21:16:48,212 PATCH support1@test.test Forbidden: /api/customers/8/
WARNING 2022-02-26 21:23:25,526 PATCH support1@test.test Forbidden: /api/customers/8/
ERROR 2022-03-18 14:05:12,903 GET support1@test.test Internal Server Error: /home/
Traceback (most recent call last):
  File "/Users/nicolasfrenay/Desktop/Formation/P12_architecture_backend/P12_backend/env/lib/python3.10/site-packages/django/core/handlers/exception.py", line 47, in inner
    response = get_response(request)
  File "/Users/nicolasfrenay/Desktop/Formation/P12_architecture_backend/P12_backend/env/lib/python3.10/site-packages/django/core/handlers/base.py", line 181, in _get_response
    response = wrapped_callback(request, *callback_args, **callback_kwargs)
  File "/Users/nicolasfrenay/Desktop/Formation/P12_architecture_backend/P12_backend/env/lib/python3.10/site-packages/django/contrib/auth/decorators.py", line 21, in _wrapped_view
    return view_func(request, *args, **kwargs)
  File "/Users/nicolasfrenay/Desktop/Formation/P12_architecture_backend/P12_backend/apps/front/views.py", line 129, in home
    data = get_api_mixin(request, endpoint)
  File "/Users/nicolasfrenay/Desktop/Formation/P12_architecture_backend/P12_backend/apps/front/views.py", line 55, in get_api_mixin
    head = {'Authorization': 'Bearer ' + token}
TypeError: can only concatenate str (not "NoneType") to str
WARNING 2022-03-18 14:05:13,044 GET support1@test.test Not Found: /favicon.ico
ERROR 2022-03-18 14:05:32,904 GET  Internal Server Error: /
Traceback (most recent call last):
  File "/Users/nicolasfrenay/Desktop/Formation/P12_architecture_backend/P12_backend/env/lib/python3.10/site-packages/django/core/handlers/exception.py", line 47, in inner
    response = get_response(request)
  File "/Users/nicolasfrenay/Desktop/Formation/P12_architecture_backend/P12_backend/env/lib/python3.10/site-packages/django/core/handlers/base.py", line 204, in _get_response
    response = response.render()
  File "/Users/nicolasfrenay/Desktop/Formation/P12_architecture_backend/P12_backend/env/lib/python3.10/site-packages/django/template/response.py", line 105, in render
    self.content = self.rendered_content
  File "/Users/nicolasfrenay/Desktop/Formation/P12_architecture_backend/P12_backend/env/lib/python3.10/site-packages/django/template/response.py", line 83, in rendered_content
    return template.render(context, self._request)
  File "/Users/nicolasfrenay/Desktop/Formation/P12_architecture_backend/P12_backend/env/lib/python3.10/site-packages/django/template/backends/django.py", line 61, in render
    return self.template.render(context)
  File "/Users/nicolasfrenay/Desktop/Formation/P12_architecture_backend/P12_backend/env/lib/python3.10/site-packages/django/template/base.py", line 176, in render
    return self._render(context)
  File "/Users/nicolasfrenay/Desktop/Formation/P12_architecture_backend/P12_backend/env/lib/python3.10/site-packages/django/template/base.py", line 168, in _render
    return self.nodelist.render(context)
  File "/Users/nicolasfrenay/Desktop/Formation/P12_architecture_backend/P12_backend/env/lib/python3.10/site-packages/django/template/base.py", line 977, in render
    return SafeString(''.join([
  File "/Users/nicolasfrenay/Desktop/Formation/P12_architecture_backend/P12_backend/env/lib/python3.10/site-packages/django/template/base.py", line 978, in <listcomp>
    node.render_annotated(context) for node in self
  File "/Users/nicolasfrenay/Desktop/Formation/P12_architecture_backend/P12_backend/env/lib/python3.10/site-packages/django/template/base.py", line 938, in render_annotated
    return self.render(context)
  File "/Users/nicolasfrenay/Desktop/Formation/P12_architecture_backend/P12_backend/env/lib/python3.10/site-packages/django/template/loader_tags.py", line 130, in render
    compiled_parent = self.get_parent(context)
  File "/Users/nicolasfrenay/Desktop/Formation/P12_architecture_backend/P12_backend/env/lib/python3.10/site-packages/django/template/loader_tags.py", line 127, in get_parent
    return self.find_template(parent, context)
  File "/Users/nicolasfrenay/Desktop/Formation/P12_architecture_backend/P12_backend/env/lib/python3.10/site-packages/django/template/loader_tags.py", line 106, in find_template
    template, origin = context.template.engine.find_template(
  File "/Users/nicolasfrenay/Desktop/Formation/P12_architecture_backend/P12_backend/env/lib/python3.10/site-packages/django/template/engine.py", line 145, in find_template
    template = loader.get_template(name, skip=skip)
  File "/Users/nicolasfrenay/Desktop/Formation/P12_architecture_backend/P12_backend/env/lib/python3.10/site-packages/django/template/loaders/base.py", line 29, in get_template
    return Template(
  File "/Users/nicolasfrenay/Desktop/Formation/P12_architecture_backend/P12_backend/env/lib/python3.10/site-packages/django/template/base.py", line 155, in __init__
    self.nodelist = self.compile_nodelist()
  File "/Users/nicolasfrenay/Desktop/Formation/P12_architecture_backend/P12_backend/env/lib/python3.10/site-packages/django/template/base.py", line 199, in compile_nodelist
    return parser.parse()
  File "/Users/nicolasfrenay/Desktop/Formation/P12_architecture_backend/P12_backend/env/lib/python3.10/site-packages/django/template/base.py", line 508, in parse
    raise self.error(token, e)
  File "/Users/nicolasfrenay/Desktop/Formation/P12_architecture_backend/P12_backend/env/lib/python3.10/site-packages/django/template/base.py", line 506, in parse
    compiled_result = compile_func(self, token)
  File "/Users/nicolasfrenay/Desktop/Formation/P12_architecture_backend/P12_backend/env/lib/python3.10/site-packages/django/template/defaulttags.py", line 905, in do_if
    nodelist = parser.parse(('elif', 'else', 'endif'))
  File "/Users/nicolasfrenay/Desktop/Formation/P12_architecture_backend/P12_backend/env/lib/python3.10/site-packages/django/template/base.py", line 513, in parse
    self.unclosed_block_tag(parse_until)
  File "/Users/nicolasfrenay/Desktop/Formation/P12_architecture_backend/P12_backend/env/lib/python3.10/site-packages/django/template/base.py", line 574, in unclosed_block_tag
    raise self.error(token, msg)
django.template.exceptions.TemplateSyntaxError: Unclosed tag on line 16: 'if'. Looking for one of: elif, else, endif.
WARNING 2022-03-18 14:05:33,001 GET  Not Found: /favicon.ico
WARNING 2022-03-18 14:21:13,891 GET sales2@test.test Not Found: /favicon.ico
